<?xml version="1.0" encoding="UTF-8"?>
<!-- Generated by org.testng.reporters.JUnitReportReporter -->
<testsuite hostname="Priyanka" failures="0" tests="1" name="com.WebTesting.ElementAutomation.T28_Autosuggetion_Goibobo" time="5.622" errors="0" timestamp="2025-10-11T10:03:51 IST" skipped="0">
  <testcase classname="com.WebTesting.ElementAutomation.T28_Autosuggetion_Goibobo" name="testDropdown" time="5.622"/>
</testsuite> <!-- com.WebTesting.ElementAutomation.T28_Autosuggetion_Goibobo -->
