<?xml version="1.0" encoding="UTF-8"?>
<!-- Generated by org.testng.reporters.JUnitReportReporter -->
<testsuite hostname="Priyanka" failures="0" tests="1" name="com.WebTesting.ElementAutomation.T40_DynamicWebTableAutomation" time="7.159" errors="0" timestamp="2025-11-01T10:03:15 IST" skipped="0">
  <testcase classname="com.WebTesting.ElementAutomation.T40_DynamicWebTableAutomation" name="testDynamicTable" time="7.159"/>
</testsuite> <!-- com.WebTesting.ElementAutomation.T40_DynamicWebTableAutomation -->
