<?xml version="1.0" encoding="UTF-8"?>
<!-- Generated by org.testng.reporters.JUnitReportReporter -->
<testsuite hostname="Priyanka" failures="0" tests="2" name="com.WebTesting.ElementAutomation.T24_TestNGClassDemo" time="0.011" errors="0" timestamp="2025-10-05T09:51:33 IST" skipped="0">
  <testcase classname="com.WebTesting.ElementAutomation.T24_TestNGClassDemo" name="testCase2" time="0.001"/>
  <testcase classname="com.WebTesting.ElementAutomation.T24_TestNGClassDemo" name="testCase1" time="0.010"/>
</testsuite> <!-- com.WebTesting.ElementAutomation.T24_TestNGClassDemo -->
