<?xml version="1.0" encoding="UTF-8"?>
<!-- Generated by org.testng.reporters.JUnitReportReporter -->
<testsuite hostname="Priyanka" failures="0" tests="1" name="com.WebTesting.ElementAutomation.T25_SelectBaseDropdownAutomation_Amazon" time="6.882" errors="0" timestamp="2025-10-11T08:33:21 IST" skipped="0">
  <testcase classname="com.WebTesting.ElementAutomation.T25_SelectBaseDropdownAutomation_Amazon" name="testAmazonDropdown" time="6.882"/>
</testsuite> <!-- com.WebTesting.ElementAutomation.T25_SelectBaseDropdownAutomation_Amazon -->
