<?xml version="1.0" encoding="UTF-8"?>
<!-- Generated by org.testng.reporters.JUnitReportReporter -->
<testsuite hostname="Priyanka" failures="0" tests="1" name="com.WebTesting.ElementAutomation.T37_JavascriptExecutorInterface" time="14.116" errors="0" timestamp="2025-10-18T10:05:38 IST" skipped="0">
  <testcase classname="com.WebTesting.ElementAutomation.T37_JavascriptExecutorInterface" name="testJavascriptExecutorInterface" time="14.116"/>
</testsuite> <!-- com.WebTesting.ElementAutomation.T37_JavascriptExecutorInterface -->
