<?xml version="1.0" encoding="UTF-8"?>
<!-- Generated by org.testng.reporters.JUnitReportReporter -->
<testsuite hostname="Priyanka" failures="0" tests="1" name="com.WebTesting.ElementAutomation.T27_BootstrapDropdown_RedBus" time="4.999" errors="0" timestamp="2025-10-12T07:51:04 IST" skipped="0">
  <testcase classname="com.WebTesting.ElementAutomation.T27_BootstrapDropdown_RedBus" name="testDropdown" time="4.999"/>
</testsuite> <!-- com.WebTesting.ElementAutomation.T27_BootstrapDropdown_RedBus -->
