<?xml version="1.0" encoding="UTF-8"?>
<!-- Generated by org.testng.reporters.JUnitReportReporter -->
<testsuite hostname="Priyanka" failures="0" tests="1" name="com.WebTesting.ElementAutomation.T34_AlertDemo2_internetapp" time="9.933" errors="0" timestamp="2025-10-18T08:01:53 IST" skipped="0">
  <testcase classname="com.WebTesting.ElementAutomation.T34_AlertDemo2_internetapp" name="testAlert" time="9.933"/>
</testsuite> <!-- com.WebTesting.ElementAutomation.T34_AlertDemo2_internetapp -->
