<?xml version="1.0" encoding="UTF-8"?>
<!-- Generated by org.testng.reporters.JUnitReportReporter -->
<testsuite hostname="Priyanka" failures="0" tests="1" name="com.WebTesting.ElementAutomation.T26_SelectBasedDropdown_Facebook" time="5.308" errors="0" timestamp="2025-10-11T08:29:59 IST" skipped="0">
  <testcase classname="com.WebTesting.ElementAutomation.T26_SelectBasedDropdown_Facebook" name="testDropdown" time="5.308"/>
</testsuite> <!-- com.WebTesting.ElementAutomation.T26_SelectBasedDropdown_Facebook -->
