<?xml version="1.0" encoding="UTF-8"?>
<!-- Generated by org.testng.reporters.JUnitReportReporter -->
<testsuite hostname="Priyanka" failures="0" tests="1" name="com.WebTesting.ElementAutomation.T39_StaticWebTableAutomation" time="6.596" errors="0" timestamp="2025-11-01T08:44:15 IST" skipped="0">
  <testcase classname="com.WebTesting.ElementAutomation.T39_StaticWebTableAutomation" name="testStaticTable" time="6.596"/>
</testsuite> <!-- com.WebTesting.ElementAutomation.T39_StaticWebTableAutomation -->
