<?xml version="1.0" encoding="UTF-8"?>
<!-- Generated by org.testng.reporters.JUnitReportReporter -->
<testsuite hostname="Priyanka" failures="0" tests="1" name="com.WebTesting.ElementAutomation.T36_IFrameHandling" time="6.905" errors="0" timestamp="2025-10-18T08:54:10 IST" skipped="0">
  <testcase classname="com.WebTesting.ElementAutomation.T36_IFrameHandling" name="testFrame" time="6.905"/>
</testsuite> <!-- com.WebTesting.ElementAutomation.T36_IFrameHandling -->
