<?xml version="1.0" encoding="UTF-8"?>
<!-- Generated by org.testng.reporters.JUnitReportReporter -->
<testsuite hostname="Priyanka" failures="0" tests="1" name="com.WebTesting.ElementAutomation.T30_MultipleWindowHandling" time="8.533" errors="0" timestamp="2025-10-12T08:36:08 IST" skipped="0">
  <testcase classname="com.WebTesting.ElementAutomation.T30_MultipleWindowHandling" name="testMultipleWindow" time="8.533"/>
</testsuite> <!-- com.WebTesting.ElementAutomation.T30_MultipleWindowHandling -->
