<?xml version="1.0" encoding="UTF-8"?>
<!-- Generated by org.testng.reporters.JUnitReportReporter -->
<testsuite hostname="Priyanka" failures="0" tests="1" name="com.WebTesting.ElementAutomation.T32_OpenNewTab_Window" time="3.543" errors="0" timestamp="2025-10-12T09:26:48 IST" skipped="0">
  <testcase classname="com.WebTesting.ElementAutomation.T32_OpenNewTab_Window" name="testWindowTab" time="3.543"/>
</testsuite> <!-- com.WebTesting.ElementAutomation.T32_OpenNewTab_Window -->
