<?xml version="1.0" encoding="UTF-8"?>
<!-- Generated by org.testng.reporters.JUnitReportReporter -->
<testsuite hostname="Priyanka" failures="0" tests="1" name="com.WebTesting.ElementAutomation.T27_BootstrapDropdown_RedBus" time="3.638" errors="0" timestamp="2025-10-11T09:02:52 IST" skipped="0">
  <testcase classname="com.WebTesting.ElementAutomation.T27_BootstrapDropdown_RedBus" name="testDropdown" time="3.638"/>
</testsuite> <!-- com.WebTesting.ElementAutomation.T27_BootstrapDropdown_RedBus -->
