<?xml version="1.0" encoding="UTF-8"?>
<!-- Generated by org.testng.reporters.JUnitReportReporter -->
<testsuite hostname="Priyanka" failures="0" tests="2" name="com.WebTesting.ElementAutomation.T24_TestNGClassDemo" time="0.014" errors="0" timestamp="2025-10-11T07:38:36 IST" skipped="0">
  <testcase classname="com.WebTesting.ElementAutomation.T24_TestNGClassDemo" name="testCase2" time="0.003"/>
  <testcase classname="com.WebTesting.ElementAutomation.T24_TestNGClassDemo" name="testCase1" time="0.011"/>
</testsuite> <!-- com.WebTesting.ElementAutomation.T24_TestNGClassDemo -->
