<?xml version="1.0" encoding="UTF-8"?>
<!-- Generated by org.testng.reporters.JUnitReportReporter -->
<testsuite hostname="Priyanka" failures="0" tests="1" name="com.WebTesting.ElementAutomation.T29_MultiSelectiondropdown" time="7.408" errors="0" timestamp="2025-10-12T07:37:39 IST" skipped="0">
  <testcase classname="com.WebTesting.ElementAutomation.T29_MultiSelectiondropdown" name="testDropdown" time="7.408"/>
</testsuite> <!-- com.WebTesting.ElementAutomation.T29_MultiSelectiondropdown -->
