<?xml version="1.0" encoding="UTF-8"?>
<!-- Generated by org.testng.reporters.JUnitReportReporter -->
<testsuite hostname="Priyanka" failures="0" tests="1" name="com.WebTesting.ElementAutomation.T35_AuthenticationPopup" time="5.411" errors="0" timestamp="2025-10-18T08:11:05 IST" skipped="0">
  <testcase classname="com.WebTesting.ElementAutomation.T35_AuthenticationPopup" name="testAuthPopup" time="5.411"/>
</testsuite> <!-- com.WebTesting.ElementAutomation.T35_AuthenticationPopup -->
