<?xml version="1.0" encoding="UTF-8"?>
<!-- Generated by org.testng.reporters.JUnitReportReporter -->
<testsuite hostname="Priyanka" failures="0" tests="1" name="com.WebTesting.ElementAutomation.T31_MultipleWindowsAutomationWithUtility" time="16.111" errors="0" timestamp="2025-10-12T09:17:23 IST" skipped="0">
  <testcase classname="com.WebTesting.ElementAutomation.T31_MultipleWindowsAutomationWithUtility" name="testMultipleWindows" time="16.111"/>
</testsuite> <!-- com.WebTesting.ElementAutomation.T31_MultipleWindowsAutomationWithUtility -->
