<?xml version="1.0" encoding="UTF-8"?>
<!-- Generated by org.testng.reporters.JUnitReportReporter -->
<testsuite hostname="Priyanka" failures="0" tests="1" name="com.WebTesting.ElementAutomation.T38_JavascriptExecutorHiddenElement" time="11.855" errors="0" timestamp="2025-11-01T07:58:14 IST" skipped="0">
  <testcase classname="com.WebTesting.ElementAutomation.T38_JavascriptExecutorHiddenElement" name="testHiddlenElement" time="11.855"/>
</testsuite> <!-- com.WebTesting.ElementAutomation.T38_JavascriptExecutorHiddenElement -->
