<?xml version="1.0" encoding="UTF-8"?>
<!-- Generated by org.testng.reporters.JUnitReportReporter -->
<testsuite hostname="Priyanka" failures="0" tests="1" name="com.WebTesting.ElementAutomation.T33_AlertHandlingDemo1_Rediffmail" time="6.554" errors="0" timestamp="2025-10-12T09:48:09 IST" skipped="0">
  <testcase classname="com.WebTesting.ElementAutomation.T33_AlertHandlingDemo1_Rediffmail" name="testAlert" time="6.554"/>
</testsuite> <!-- com.WebTesting.ElementAutomation.T33_AlertHandlingDemo1_Rediffmail -->
